178  [main] INFO  n.f.c.module.FloodlightModuleLoader - Loading default modules
733  [main] ERROR n.f.core.internal.Controller - 日志记录controller-init()-start
753  [main] INFO  n.f.core.internal.Controller - Controller role set to MASTER
765  [main] INFO  n.f.core.internal.Controller - Flush switches on reconnect -- Disabled
768  [main] ERROR n.f.core.internal.Controller - 日志记录controller-init()-end
1632 [main] ERROR o.s.s.i.config.DelegatingCCProvider - Failed to initialize provider org.sdnplatform.sync.internal.config.SyncStoreCCProvider
org.sdnplatform.sync.error.PersistException: Could not initialize persistent storage
	at org.sdnplatform.sync.internal.store.JavaDBStorageEngine.<init>(JavaDBStorageEngine.java:106) ~[bin/:na]
	at org.sdnplatform.sync.internal.StoreRegistry.register(StoreRegistry.java:116) ~[bin/:na]
	at org.sdnplatform.sync.internal.SyncManager.registerPersistentStore(SyncManager.java:184) [bin/:na]
	at org.sdnplatform.sync.internal.config.SyncStoreCCProvider.init(SyncStoreCCProvider.java:85) ~[bin/:na]
	at org.sdnplatform.sync.internal.config.DelegatingCCProvider.init(DelegatingCCProvider.java:37) ~[bin/:na]
	at org.sdnplatform.sync.internal.SyncManager.init(SyncManager.java:489) [bin/:na]
	at net.floodlightcontroller.core.module.FloodlightModuleLoader.initModules(FloodlightModuleLoader.java:436) [bin/:na]
	at net.floodlightcontroller.core.module.FloodlightModuleLoader.loadModulesFromList(FloodlightModuleLoader.java:353) [bin/:na]
	at net.floodlightcontroller.core.module.FloodlightModuleLoader.loadModulesFromList(FloodlightModuleLoader.java:362) [bin/:na]
	at net.floodlightcontroller.core.module.FloodlightModuleLoader.loadModulesFromConfig(FloodlightModuleLoader.java:200) [bin/:na]
	at net.floodlightcontroller.core.Main.main(Main.java:55) [bin/:na]
Caused by: java.sql.SQLException: DDL is not permitted for a read-only connection, user or database.
	at org.apache.derby.impl.jdbc.SQLExceptionFactory40.getSQLException(Unknown Source) ~[derby-10.9.1.0.jar:na]
	at org.apache.derby.impl.jdbc.Util.generateCsSQLException(Unknown Source) ~[derby-10.9.1.0.jar:na]
	at org.apache.derby.impl.jdbc.TransactionResourceImpl.wrapInSQLException(Unknown Source) ~[derby-10.9.1.0.jar:na]
	at org.apache.derby.impl.jdbc.TransactionResourceImpl.handleException(Unknown Source) ~[derby-10.9.1.0.jar:na]
	at org.apache.derby.impl.jdbc.EmbedConnection.handleException(Unknown Source) ~[derby-10.9.1.0.jar:na]
	at org.apache.derby.impl.jdbc.ConnectionChild.handleException(Unknown Source) ~[derby-10.9.1.0.jar:na]
	at org.apache.derby.impl.jdbc.EmbedStatement.executeStatement(Unknown Source) ~[derby-10.9.1.0.jar:na]
	at org.apache.derby.impl.jdbc.EmbedStatement.execute(Unknown Source) ~[derby-10.9.1.0.jar:na]
	at org.apache.derby.impl.jdbc.EmbedStatement.execute(Unknown Source) ~[derby-10.9.1.0.jar:na]
	at org.sdnplatform.sync.internal.store.JavaDBStorageEngine.initTable(JavaDBStorageEngine.java:379) ~[bin/:na]
	at org.sdnplatform.sync.internal.store.JavaDBStorageEngine.<init>(JavaDBStorageEngine.java:104) ~[bin/:na]
	... 10 common frames omitted
Caused by: org.apache.derby.impl.jdbc.EmbedSQLException: DDL is not permitted for a read-only connection, user or database.
	at org.apache.derby.impl.jdbc.SQLExceptionFactory.getSQLException(Unknown Source) ~[derby-10.9.1.0.jar:na]
	at org.apache.derby.impl.jdbc.SQLExceptionFactory40.wrapArgsForTransportAcrossDRDA(Unknown Source) ~[derby-10.9.1.0.jar:na]
	... 21 common frames omitted
Caused by: org.apache.derby.iapi.error.StandardException: DDL is not permitted for a read-only connection, user or database.
	at org.apache.derby.iapi.error.StandardException.newException(Unknown Source) ~[derby-10.9.1.0.jar:na]
	at org.apache.derby.impl.sql.conn.GenericAuthorizer.authorize(Unknown Source) ~[derby-10.9.1.0.jar:na]
	at org.apache.derby.impl.sql.execute.GenericResultSetFactory.getDDLResultSet(Unknown Source) ~[derby-10.9.1.0.jar:na]
	at org.apache.derby.impl.sql.execute.ConstantActionActivation.execute(Unknown Source) ~[derby-10.9.1.0.jar:na]
	at org.apache.derby.impl.sql.GenericActivationHolder.execute(Unknown Source) ~[derby-10.9.1.0.jar:na]
	at org.apache.derby.impl.sql.GenericPreparedStatement.executeStmt(Unknown Source) ~[derby-10.9.1.0.jar:na]
	at org.apache.derby.impl.sql.GenericPreparedStatement.execute(Unknown Source) ~[derby-10.9.1.0.jar:na]
	... 15 common frames omitted
2255 [main] INFO  n.f.l.internal.LinkDiscoveryManager - Setting autoportfast feature to OFF
2447 [main] INFO  o.s.s.i.config.FallbackCCProvider - Cluster not yet configured; using fallback local configuration
2449 [main] INFO  o.s.sync.internal.SyncManager - [32767] Updating sync configuration ClusterConfig [allNodes={32767=Node [hostname=localhost, port=6642, nodeId=32767, domainId=32767]}, authScheme=CHALLENGE_RESPONSE, keyStorePath=/etc/floodlight/auth_credentials.jceks, keyStorePassword is unset]
2695 [main] INFO  o.s.sync.internal.rpc.RPCService - Listening for internal floodlight RPC on localhost/127.0.0.1:6642
3010 [main] INFO  n.f.core.internal.Controller - Listening for switch connections on 0.0.0.0/0.0.0.0:6633
4563 [debugserver-main] INFO  n.f.jython.JythonServer - Starting DebugServer on :6655
135  [main] INFO  n.f.c.module.FloodlightModuleLoader - Loading default modules
368  [main] ERROR n.f.core.internal.Controller - 日志记录controller-init()-start
371  [main] INFO  n.f.core.internal.Controller - Controller role set to MASTER
374  [main] INFO  n.f.core.internal.Controller - Flush switches on reconnect -- Disabled
376  [main] ERROR n.f.core.internal.Controller - 日志记录controller-init()-end
739  [main] ERROR o.s.s.i.config.DelegatingCCProvider - Failed to initialize provider org.sdnplatform.sync.internal.config.SyncStoreCCProvider
org.sdnplatform.sync.error.PersistException: Could not initialize persistent storage
	at org.sdnplatform.sync.internal.store.JavaDBStorageEngine.<init>(JavaDBStorageEngine.java:106) ~[bin/:na]
	at org.sdnplatform.sync.internal.StoreRegistry.register(StoreRegistry.java:116) ~[bin/:na]
	at org.sdnplatform.sync.internal.SyncManager.registerPersistentStore(SyncManager.java:184) [bin/:na]
	at org.sdnplatform.sync.internal.config.SyncStoreCCProvider.init(SyncStoreCCProvider.java:85) ~[bin/:na]
	at org.sdnplatform.sync.internal.config.DelegatingCCProvider.init(DelegatingCCProvider.java:37) ~[bin/:na]
	at org.sdnplatform.sync.internal.SyncManager.init(SyncManager.java:489) [bin/:na]
	at net.floodlightcontroller.core.module.FloodlightModuleLoader.initModules(FloodlightModuleLoader.java:436) [bin/:na]
	at net.floodlightcontroller.core.module.FloodlightModuleLoader.loadModulesFromList(FloodlightModuleLoader.java:353) [bin/:na]
	at net.floodlightcontroller.core.module.FloodlightModuleLoader.loadModulesFromList(FloodlightModuleLoader.java:362) [bin/:na]
	at net.floodlightcontroller.core.module.FloodlightModuleLoader.loadModulesFromConfig(FloodlightModuleLoader.java:200) [bin/:na]
	at net.floodlightcontroller.core.Main.main(Main.java:55) [bin/:na]
Caused by: java.sql.SQLException: DDL is not permitted for a read-only connection, user or database.
	at org.apache.derby.impl.jdbc.SQLExceptionFactory40.getSQLException(Unknown Source) ~[derby-10.9.1.0.jar:na]
	at org.apache.derby.impl.jdbc.Util.generateCsSQLException(Unknown Source) ~[derby-10.9.1.0.jar:na]
	at org.apache.derby.impl.jdbc.TransactionResourceImpl.wrapInSQLException(Unknown Source) ~[derby-10.9.1.0.jar:na]
	at org.apache.derby.impl.jdbc.TransactionResourceImpl.handleException(Unknown Source) ~[derby-10.9.1.0.jar:na]
	at org.apache.derby.impl.jdbc.EmbedConnection.handleException(Unknown Source) ~[derby-10.9.1.0.jar:na]
	at org.apache.derby.impl.jdbc.ConnectionChild.handleException(Unknown Source) ~[derby-10.9.1.0.jar:na]
	at org.apache.derby.impl.jdbc.EmbedStatement.executeStatement(Unknown Source) ~[derby-10.9.1.0.jar:na]
	at org.apache.derby.impl.jdbc.EmbedStatement.execute(Unknown Source) ~[derby-10.9.1.0.jar:na]
	at org.apache.derby.impl.jdbc.EmbedStatement.execute(Unknown Source) ~[derby-10.9.1.0.jar:na]
	at org.sdnplatform.sync.internal.store.JavaDBStorageEngine.initTable(JavaDBStorageEngine.java:379) ~[bin/:na]
	at org.sdnplatform.sync.internal.store.JavaDBStorageEngine.<init>(JavaDBStorageEngine.java:104) ~[bin/:na]
	... 10 common frames omitted
Caused by: org.apache.derby.impl.jdbc.EmbedSQLException: DDL is not permitted for a read-only connection, user or database.
	at org.apache.derby.impl.jdbc.SQLExceptionFactory.getSQLException(Unknown Source) ~[derby-10.9.1.0.jar:na]
	at org.apache.derby.impl.jdbc.SQLExceptionFactory40.wrapArgsForTransportAcrossDRDA(Unknown Source) ~[derby-10.9.1.0.jar:na]
	... 21 common frames omitted
Caused by: org.apache.derby.iapi.error.StandardException: DDL is not permitted for a read-only connection, user or database.
	at org.apache.derby.iapi.error.StandardException.newException(Unknown Source) ~[derby-10.9.1.0.jar:na]
	at org.apache.derby.impl.sql.conn.GenericAuthorizer.authorize(Unknown Source) ~[derby-10.9.1.0.jar:na]
	at org.apache.derby.impl.sql.execute.GenericResultSetFactory.getDDLResultSet(Unknown Source) ~[derby-10.9.1.0.jar:na]
	at org.apache.derby.impl.sql.execute.ConstantActionActivation.execute(Unknown Source) ~[derby-10.9.1.0.jar:na]
	at org.apache.derby.impl.sql.GenericActivationHolder.execute(Unknown Source) ~[derby-10.9.1.0.jar:na]
	at org.apache.derby.impl.sql.GenericPreparedStatement.executeStmt(Unknown Source) ~[derby-10.9.1.0.jar:na]
	at org.apache.derby.impl.sql.GenericPreparedStatement.execute(Unknown Source) ~[derby-10.9.1.0.jar:na]
	... 15 common frames omitted
819  [main] INFO  n.f.l.internal.LinkDiscoveryManager - Setting autoportfast feature to OFF
849  [main] INFO  o.s.s.i.config.FallbackCCProvider - Cluster not yet configured; using fallback local configuration
849  [main] INFO  o.s.sync.internal.SyncManager - [32767] Updating sync configuration ClusterConfig [allNodes={32767=Node [hostname=localhost, port=6642, nodeId=32767, domainId=32767]}, authScheme=CHALLENGE_RESPONSE, keyStorePath=/etc/floodlight/auth_credentials.jceks, keyStorePassword is unset]
900  [main] INFO  o.s.sync.internal.rpc.RPCService - Listening for internal floodlight RPC on localhost/127.0.0.1:6642
1009 [main] INFO  n.f.core.internal.Controller - Listening for switch connections on 0.0.0.0/0.0.0.0:6633
2765 [debugserver-main] INFO  n.f.jython.JythonServer - Starting DebugServer on :6655
55537 [Dispatcher: Thread-15] WARN  org.restlet - Exception or error caught in server resource
org.restlet.resource.ResourceException: Internal Server Error
	at org.restlet.resource.ServerResource.doHandle(ServerResource.java:540) ~[org.restlet-2.2M3.jar:na]
	at org.restlet.resource.ServerResource.get(ServerResource.java:743) ~[org.restlet-2.2M3.jar:na]
	at org.restlet.resource.ServerResource.doHandle(ServerResource.java:618) ~[org.restlet-2.2M3.jar:na]
	at org.restlet.resource.ServerResource.doNegotiatedHandle(ServerResource.java:679) ~[org.restlet-2.2M3.jar:na]
	at org.restlet.resource.ServerResource.doConditionalHandle(ServerResource.java:357) ~[org.restlet-2.2M3.jar:na]
	at org.restlet.resource.ServerResource.handle(ServerResource.java:1014) ~[org.restlet-2.2M3.jar:na]
	at org.restlet.resource.Finder.handle(Finder.java:246) [org.restlet-2.2M3.jar:na]
	at org.restlet.routing.Filter.doHandle(Filter.java:159) [org.restlet-2.2M3.jar:na]
	at org.restlet.routing.Filter.handle(Filter.java:206) [org.restlet-2.2M3.jar:na]
	at org.restlet.routing.Router.doHandle(Router.java:431) [org.restlet-2.2M3.jar:na]
	at org.restlet.routing.Router.handle(Router.java:648) [org.restlet-2.2M3.jar:na]
	at org.restlet.routing.Filter.doHandle(Filter.java:159) [org.restlet-2.2M3.jar:na]
	at org.restlet.routing.Filter.handle(Filter.java:206) [org.restlet-2.2M3.jar:na]
	at org.restlet.routing.Router.doHandle(Router.java:431) [org.restlet-2.2M3.jar:na]
	at org.restlet.routing.Router.handle(Router.java:648) [org.restlet-2.2M3.jar:na]
	at org.restlet.routing.Filter.doHandle(Filter.java:159) [org.restlet-2.2M3.jar:na]
	at org.restlet.routing.Filter.handle(Filter.java:206) [org.restlet-2.2M3.jar:na]
	at org.restlet.routing.Filter.doHandle(Filter.java:159) [org.restlet-2.2M3.jar:na]
	at org.restlet.routing.Filter.handle(Filter.java:206) [org.restlet-2.2M3.jar:na]
	at org.restlet.routing.Filter.doHandle(Filter.java:159) [org.restlet-2.2M3.jar:na]
	at org.restlet.routing.Filter.handle(Filter.java:206) [org.restlet-2.2M3.jar:na]
	at org.restlet.routing.Filter.doHandle(Filter.java:159) [org.restlet-2.2M3.jar:na]
	at org.restlet.engine.application.StatusFilter.doHandle(StatusFilter.java:155) [org.restlet-2.2M3.jar:na]
	at org.restlet.routing.Filter.handle(Filter.java:206) [org.restlet-2.2M3.jar:na]
	at org.restlet.routing.Filter.doHandle(Filter.java:159) [org.restlet-2.2M3.jar:na]
	at org.restlet.routing.Filter.handle(Filter.java:206) [org.restlet-2.2M3.jar:na]
	at org.restlet.engine.CompositeHelper.handle(CompositeHelper.java:211) [org.restlet-2.2M3.jar:na]
	at org.restlet.engine.application.ApplicationHelper.handle(ApplicationHelper.java:84) [org.restlet-2.2M3.jar:na]
	at org.restlet.Application.handle(Application.java:384) [org.restlet-2.2M3.jar:na]
	at org.restlet.routing.Filter.doHandle(Filter.java:159) [org.restlet-2.2M3.jar:na]
	at org.restlet.routing.Filter.handle(Filter.java:206) [org.restlet-2.2M3.jar:na]
	at org.restlet.routing.Router.doHandle(Router.java:431) [org.restlet-2.2M3.jar:na]
	at org.restlet.routing.Router.handle(Router.java:648) [org.restlet-2.2M3.jar:na]
	at org.restlet.routing.Filter.doHandle(Filter.java:159) [org.restlet-2.2M3.jar:na]
	at org.restlet.routing.Filter.handle(Filter.java:206) [org.restlet-2.2M3.jar:na]
	at org.restlet.routing.Router.doHandle(Router.java:431) [org.restlet-2.2M3.jar:na]
	at org.restlet.routing.Router.handle(Router.java:648) [org.restlet-2.2M3.jar:na]
	at org.restlet.routing.Filter.doHandle(Filter.java:159) [org.restlet-2.2M3.jar:na]
	at org.restlet.engine.application.StatusFilter.doHandle(StatusFilter.java:155) [org.restlet-2.2M3.jar:na]
	at org.restlet.routing.Filter.handle(Filter.java:206) [org.restlet-2.2M3.jar:na]
	at org.restlet.routing.Filter.doHandle(Filter.java:159) [org.restlet-2.2M3.jar:na]
	at org.restlet.routing.Filter.handle(Filter.java:206) [org.restlet-2.2M3.jar:na]
	at org.restlet.engine.CompositeHelper.handle(CompositeHelper.java:211) [org.restlet-2.2M3.jar:na]
	at org.restlet.Component.handle(Component.java:406) [org.restlet-2.2M3.jar:na]
	at org.restlet.Server.handle(Server.java:516) [org.restlet-2.2M3.jar:na]
	at org.restlet.engine.ServerHelper.handle(ServerHelper.java:72) [org.restlet-2.2M3.jar:na]
	at org.restlet.engine.adapter.HttpServerHelper.handle(HttpServerHelper.java:152) [org.restlet-2.2M3.jar:na]
	at org.restlet.ext.simple.internal.SimpleContainer.handle(SimpleContainer.java:80) [org.restlet.ext.simple-2.2M3.jar:na]
	at org.simpleframework.http.core.Dispatcher.dispatch(Dispatcher.java:121) [simple-5.1.1.jar:na]
	at org.simpleframework.http.core.Dispatcher.run(Dispatcher.java:103) [simple-5.1.1.jar:na]
	at java.util.concurrent.ThreadPoolExecutor.runWorker(ThreadPoolExecutor.java:1142) [na:1.8.0_111]
	at java.util.concurrent.ThreadPoolExecutor$Worker.run(ThreadPoolExecutor.java:617) [na:1.8.0_111]
	at java.lang.Thread.run(Thread.java:745) [na:1.8.0_111]
Caused by: java.lang.NullPointerException: null
	at net.floodlightcontroller.core.web.ControllerMemoryResource.retrieve(ControllerMemoryResource.java:54) ~[bin/:na]
	at sun.reflect.NativeMethodAccessorImpl.invoke0(Native Method) ~[na:1.8.0_111]
	at sun.reflect.NativeMethodAccessorImpl.invoke(NativeMethodAccessorImpl.java:62) ~[na:1.8.0_111]
	at sun.reflect.DelegatingMethodAccessorImpl.invoke(DelegatingMethodAccessorImpl.java:43) ~[na:1.8.0_111]
	at java.lang.reflect.Method.invoke(Method.java:498) ~[na:1.8.0_111]
	at org.restlet.resource.ServerResource.doHandle(ServerResource.java:524) ~[org.restlet-2.2M3.jar:na]
	... 52 common frames omitted
76778 [Dispatcher: Thread-21] INFO  n.f.c.web.ControllerMemoryResource - ---------应用ID：2-------身份认证失败
91176 [Dispatcher: Thread-12] WARN  org.restlet - Exception or error caught in server resource
org.restlet.resource.ResourceException: Internal Server Error
	at org.restlet.resource.ServerResource.doHandle(ServerResource.java:540) ~[org.restlet-2.2M3.jar:na]
	at org.restlet.resource.ServerResource.get(ServerResource.java:743) ~[org.restlet-2.2M3.jar:na]
	at org.restlet.resource.ServerResource.doHandle(ServerResource.java:618) ~[org.restlet-2.2M3.jar:na]
	at org.restlet.resource.ServerResource.doNegotiatedHandle(ServerResource.java:679) ~[org.restlet-2.2M3.jar:na]
	at org.restlet.resource.ServerResource.doConditionalHandle(ServerResource.java:357) ~[org.restlet-2.2M3.jar:na]
	at org.restlet.resource.ServerResource.handle(ServerResource.java:1014) ~[org.restlet-2.2M3.jar:na]
	at org.restlet.resource.Finder.handle(Finder.java:246) [org.restlet-2.2M3.jar:na]
	at org.restlet.routing.Filter.doHandle(Filter.java:159) [org.restlet-2.2M3.jar:na]
	at org.restlet.routing.Filter.handle(Filter.java:206) [org.restlet-2.2M3.jar:na]
	at org.restlet.routing.Router.doHandle(Router.java:431) [org.restlet-2.2M3.jar:na]
	at org.restlet.routing.Router.handle(Router.java:648) [org.restlet-2.2M3.jar:na]
	at org.restlet.routing.Filter.doHandle(Filter.java:159) [org.restlet-2.2M3.jar:na]
	at org.restlet.routing.Filter.handle(Filter.java:206) [org.restlet-2.2M3.jar:na]
	at org.restlet.routing.Router.doHandle(Router.java:431) [org.restlet-2.2M3.jar:na]
	at org.restlet.routing.Router.handle(Router.java:648) [org.restlet-2.2M3.jar:na]
	at org.restlet.routing.Filter.doHandle(Filter.java:159) [org.restlet-2.2M3.jar:na]
	at org.restlet.routing.Filter.handle(Filter.java:206) [org.restlet-2.2M3.jar:na]
	at org.restlet.routing.Filter.doHandle(Filter.java:159) [org.restlet-2.2M3.jar:na]
	at org.restlet.routing.Filter.handle(Filter.java:206) [org.restlet-2.2M3.jar:na]
	at org.restlet.routing.Filter.doHandle(Filter.java:159) [org.restlet-2.2M3.jar:na]
	at org.restlet.routing.Filter.handle(Filter.java:206) [org.restlet-2.2M3.jar:na]
	at org.restlet.routing.Filter.doHandle(Filter.java:159) [org.restlet-2.2M3.jar:na]
	at org.restlet.engine.application.StatusFilter.doHandle(StatusFilter.java:155) [org.restlet-2.2M3.jar:na]
	at org.restlet.routing.Filter.handle(Filter.java:206) [org.restlet-2.2M3.jar:na]
	at org.restlet.routing.Filter.doHandle(Filter.java:159) [org.restlet-2.2M3.jar:na]
	at org.restlet.routing.Filter.handle(Filter.java:206) [org.restlet-2.2M3.jar:na]
	at org.restlet.engine.CompositeHelper.handle(CompositeHelper.java:211) [org.restlet-2.2M3.jar:na]
	at org.restlet.engine.application.ApplicationHelper.handle(ApplicationHelper.java:84) [org.restlet-2.2M3.jar:na]
	at org.restlet.Application.handle(Application.java:384) [org.restlet-2.2M3.jar:na]
	at org.restlet.routing.Filter.doHandle(Filter.java:159) [org.restlet-2.2M3.jar:na]
	at org.restlet.routing.Filter.handle(Filter.java:206) [org.restlet-2.2M3.jar:na]
	at org.restlet.routing.Router.doHandle(Router.java:431) [org.restlet-2.2M3.jar:na]
	at org.restlet.routing.Router.handle(Router.java:648) [org.restlet-2.2M3.jar:na]
	at org.restlet.routing.Filter.doHandle(Filter.java:159) [org.restlet-2.2M3.jar:na]
	at org.restlet.routing.Filter.handle(Filter.java:206) [org.restlet-2.2M3.jar:na]
	at org.restlet.routing.Router.doHandle(Router.java:431) [org.restlet-2.2M3.jar:na]
	at org.restlet.routing.Router.handle(Router.java:648) [org.restlet-2.2M3.jar:na]
	at org.restlet.routing.Filter.doHandle(Filter.java:159) [org.restlet-2.2M3.jar:na]
	at org.restlet.engine.application.StatusFilter.doHandle(StatusFilter.java:155) [org.restlet-2.2M3.jar:na]
	at org.restlet.routing.Filter.handle(Filter.java:206) [org.restlet-2.2M3.jar:na]
	at org.restlet.routing.Filter.doHandle(Filter.java:159) [org.restlet-2.2M3.jar:na]
	at org.restlet.routing.Filter.handle(Filter.java:206) [org.restlet-2.2M3.jar:na]
	at org.restlet.engine.CompositeHelper.handle(CompositeHelper.java:211) [org.restlet-2.2M3.jar:na]
	at org.restlet.Component.handle(Component.java:406) [org.restlet-2.2M3.jar:na]
	at org.restlet.Server.handle(Server.java:516) [org.restlet-2.2M3.jar:na]
	at org.restlet.engine.ServerHelper.handle(ServerHelper.java:72) [org.restlet-2.2M3.jar:na]
	at org.restlet.engine.adapter.HttpServerHelper.handle(HttpServerHelper.java:152) [org.restlet-2.2M3.jar:na]
	at org.restlet.ext.simple.internal.SimpleContainer.handle(SimpleContainer.java:80) [org.restlet.ext.simple-2.2M3.jar:na]
	at org.simpleframework.http.core.Dispatcher.dispatch(Dispatcher.java:121) [simple-5.1.1.jar:na]
	at org.simpleframework.http.core.Dispatcher.run(Dispatcher.java:103) [simple-5.1.1.jar:na]
	at java.util.concurrent.ThreadPoolExecutor.runWorker(ThreadPoolExecutor.java:1142) [na:1.8.0_111]
	at java.util.concurrent.ThreadPoolExecutor$Worker.run(ThreadPoolExecutor.java:617) [na:1.8.0_111]
	at java.lang.Thread.run(Thread.java:745) [na:1.8.0_111]
Caused by: java.lang.NullPointerException: null
	at net.floodlightcontroller.core.web.ControllerMemoryResource.retrieve(ControllerMemoryResource.java:54) ~[bin/:na]
	at sun.reflect.NativeMethodAccessorImpl.invoke0(Native Method) ~[na:1.8.0_111]
	at sun.reflect.NativeMethodAccessorImpl.invoke(NativeMethodAccessorImpl.java:62) ~[na:1.8.0_111]
	at sun.reflect.DelegatingMethodAccessorImpl.invoke(DelegatingMethodAccessorImpl.java:43) ~[na:1.8.0_111]
	at java.lang.reflect.Method.invoke(Method.java:498) ~[na:1.8.0_111]
	at org.restlet.resource.ServerResource.doHandle(ServerResource.java:524) ~[org.restlet-2.2M3.jar:na]
	... 52 common frames omitted
97113 [Dispatcher: Thread-12] INFO  n.f.c.web.ControllerMemoryResource - ---------应用ID：2-------权限检查失败：无 read_controller_info 权限
124719 [Dispatcher: Thread-20] WARN  org.restlet - Exception or error caught in server resource
org.restlet.resource.ResourceException: Internal Server Error
	at org.restlet.resource.ServerResource.doHandle(ServerResource.java:540) ~[org.restlet-2.2M3.jar:na]
	at org.restlet.resource.ServerResource.get(ServerResource.java:743) ~[org.restlet-2.2M3.jar:na]
	at org.restlet.resource.ServerResource.doHandle(ServerResource.java:618) ~[org.restlet-2.2M3.jar:na]
	at org.restlet.resource.ServerResource.doNegotiatedHandle(ServerResource.java:679) ~[org.restlet-2.2M3.jar:na]
	at org.restlet.resource.ServerResource.doConditionalHandle(ServerResource.java:357) ~[org.restlet-2.2M3.jar:na]
	at org.restlet.resource.ServerResource.handle(ServerResource.java:1014) ~[org.restlet-2.2M3.jar:na]
	at org.restlet.resource.Finder.handle(Finder.java:246) [org.restlet-2.2M3.jar:na]
	at org.restlet.routing.Filter.doHandle(Filter.java:159) [org.restlet-2.2M3.jar:na]
	at org.restlet.routing.Filter.handle(Filter.java:206) [org.restlet-2.2M3.jar:na]
	at org.restlet.routing.Router.doHandle(Router.java:431) [org.restlet-2.2M3.jar:na]
	at org.restlet.routing.Router.handle(Router.java:648) [org.restlet-2.2M3.jar:na]
	at org.restlet.routing.Filter.doHandle(Filter.java:159) [org.restlet-2.2M3.jar:na]
	at org.restlet.routing.Filter.handle(Filter.java:206) [org.restlet-2.2M3.jar:na]
	at org.restlet.routing.Router.doHandle(Router.java:431) [org.restlet-2.2M3.jar:na]
	at org.restlet.routing.Router.handle(Router.java:648) [org.restlet-2.2M3.jar:na]
	at org.restlet.routing.Filter.doHandle(Filter.java:159) [org.restlet-2.2M3.jar:na]
	at org.restlet.routing.Filter.handle(Filter.java:206) [org.restlet-2.2M3.jar:na]
	at org.restlet.routing.Filter.doHandle(Filter.java:159) [org.restlet-2.2M3.jar:na]
	at org.restlet.routing.Filter.handle(Filter.java:206) [org.restlet-2.2M3.jar:na]
	at org.restlet.routing.Filter.doHandle(Filter.java:159) [org.restlet-2.2M3.jar:na]
	at org.restlet.routing.Filter.handle(Filter.java:206) [org.restlet-2.2M3.jar:na]
	at org.restlet.routing.Filter.doHandle(Filter.java:159) [org.restlet-2.2M3.jar:na]
	at org.restlet.engine.application.StatusFilter.doHandle(StatusFilter.java:155) [org.restlet-2.2M3.jar:na]
	at org.restlet.routing.Filter.handle(Filter.java:206) [org.restlet-2.2M3.jar:na]
	at org.restlet.routing.Filter.doHandle(Filter.java:159) [org.restlet-2.2M3.jar:na]
	at org.restlet.routing.Filter.handle(Filter.java:206) [org.restlet-2.2M3.jar:na]
	at org.restlet.engine.CompositeHelper.handle(CompositeHelper.java:211) [org.restlet-2.2M3.jar:na]
	at org.restlet.engine.application.ApplicationHelper.handle(ApplicationHelper.java:84) [org.restlet-2.2M3.jar:na]
	at org.restlet.Application.handle(Application.java:384) [org.restlet-2.2M3.jar:na]
	at org.restlet.routing.Filter.doHandle(Filter.java:159) [org.restlet-2.2M3.jar:na]
	at org.restlet.routing.Filter.handle(Filter.java:206) [org.restlet-2.2M3.jar:na]
	at org.restlet.routing.Router.doHandle(Router.java:431) [org.restlet-2.2M3.jar:na]
	at org.restlet.routing.Router.handle(Router.java:648) [org.restlet-2.2M3.jar:na]
	at org.restlet.routing.Filter.doHandle(Filter.java:159) [org.restlet-2.2M3.jar:na]
	at org.restlet.routing.Filter.handle(Filter.java:206) [org.restlet-2.2M3.jar:na]
	at org.restlet.routing.Router.doHandle(Router.java:431) [org.restlet-2.2M3.jar:na]
	at org.restlet.routing.Router.handle(Router.java:648) [org.restlet-2.2M3.jar:na]
	at org.restlet.routing.Filter.doHandle(Filter.java:159) [org.restlet-2.2M3.jar:na]
	at org.restlet.engine.application.StatusFilter.doHandle(StatusFilter.java:155) [org.restlet-2.2M3.jar:na]
	at org.restlet.routing.Filter.handle(Filter.java:206) [org.restlet-2.2M3.jar:na]
	at org.restlet.routing.Filter.doHandle(Filter.java:159) [org.restlet-2.2M3.jar:na]
	at org.restlet.routing.Filter.handle(Filter.java:206) [org.restlet-2.2M3.jar:na]
	at org.restlet.engine.CompositeHelper.handle(CompositeHelper.java:211) [org.restlet-2.2M3.jar:na]
	at org.restlet.Component.handle(Component.java:406) [org.restlet-2.2M3.jar:na]
	at org.restlet.Server.handle(Server.java:516) [org.restlet-2.2M3.jar:na]
	at org.restlet.engine.ServerHelper.handle(ServerHelper.java:72) [org.restlet-2.2M3.jar:na]
	at org.restlet.engine.adapter.HttpServerHelper.handle(HttpServerHelper.java:152) [org.restlet-2.2M3.jar:na]
	at org.restlet.ext.simple.internal.SimpleContainer.handle(SimpleContainer.java:80) [org.restlet.ext.simple-2.2M3.jar:na]
	at org.simpleframework.http.core.Dispatcher.dispatch(Dispatcher.java:121) [simple-5.1.1.jar:na]
	at org.simpleframework.http.core.Dispatcher.run(Dispatcher.java:103) [simple-5.1.1.jar:na]
	at java.util.concurrent.ThreadPoolExecutor.runWorker(ThreadPoolExecutor.java:1142) [na:1.8.0_111]
	at java.util.concurrent.ThreadPoolExecutor$Worker.run(ThreadPoolExecutor.java:617) [na:1.8.0_111]
	at java.lang.Thread.run(Thread.java:745) [na:1.8.0_111]
Caused by: java.lang.NullPointerException: null
	at net.floodlightcontroller.core.web.ControllerMemoryResource.retrieve(ControllerMemoryResource.java:54) ~[bin/:na]
	at sun.reflect.NativeMethodAccessorImpl.invoke0(Native Method) ~[na:1.8.0_111]
	at sun.reflect.NativeMethodAccessorImpl.invoke(NativeMethodAccessorImpl.java:62) ~[na:1.8.0_111]
	at sun.reflect.DelegatingMethodAccessorImpl.invoke(DelegatingMethodAccessorImpl.java:43) ~[na:1.8.0_111]
	at java.lang.reflect.Method.invoke(Method.java:498) ~[na:1.8.0_111]
	at org.restlet.resource.ServerResource.doHandle(ServerResource.java:524) ~[org.restlet-2.2M3.jar:na]
	... 52 common frames omitted
149606 [Dispatcher: Thread-19] WARN  org.restlet - Exception or error caught in server resource
org.restlet.resource.ResourceException: Internal Server Error
	at org.restlet.resource.ServerResource.doHandle(ServerResource.java:540) ~[org.restlet-2.2M3.jar:na]
	at org.restlet.resource.ServerResource.get(ServerResource.java:743) ~[org.restlet-2.2M3.jar:na]
	at org.restlet.resource.ServerResource.doHandle(ServerResource.java:618) ~[org.restlet-2.2M3.jar:na]
	at org.restlet.resource.ServerResource.doNegotiatedHandle(ServerResource.java:679) ~[org.restlet-2.2M3.jar:na]
	at org.restlet.resource.ServerResource.doConditionalHandle(ServerResource.java:357) ~[org.restlet-2.2M3.jar:na]
	at org.restlet.resource.ServerResource.handle(ServerResource.java:1014) ~[org.restlet-2.2M3.jar:na]
	at org.restlet.resource.Finder.handle(Finder.java:246) [org.restlet-2.2M3.jar:na]
	at org.restlet.routing.Filter.doHandle(Filter.java:159) [org.restlet-2.2M3.jar:na]
	at org.restlet.routing.Filter.handle(Filter.java:206) [org.restlet-2.2M3.jar:na]
	at org.restlet.routing.Router.doHandle(Router.java:431) [org.restlet-2.2M3.jar:na]
	at org.restlet.routing.Router.handle(Router.java:648) [org.restlet-2.2M3.jar:na]
	at org.restlet.routing.Filter.doHandle(Filter.java:159) [org.restlet-2.2M3.jar:na]
	at org.restlet.routing.Filter.handle(Filter.java:206) [org.restlet-2.2M3.jar:na]
	at org.restlet.routing.Router.doHandle(Router.java:431) [org.restlet-2.2M3.jar:na]
	at org.restlet.routing.Router.handle(Router.java:648) [org.restlet-2.2M3.jar:na]
	at org.restlet.routing.Filter.doHandle(Filter.java:159) [org.restlet-2.2M3.jar:na]
	at org.restlet.routing.Filter.handle(Filter.java:206) [org.restlet-2.2M3.jar:na]
	at org.restlet.routing.Filter.doHandle(Filter.java:159) [org.restlet-2.2M3.jar:na]
	at org.restlet.routing.Filter.handle(Filter.java:206) [org.restlet-2.2M3.jar:na]
	at org.restlet.routing.Filter.doHandle(Filter.java:159) [org.restlet-2.2M3.jar:na]
	at org.restlet.routing.Filter.handle(Filter.java:206) [org.restlet-2.2M3.jar:na]
	at org.restlet.routing.Filter.doHandle(Filter.java:159) [org.restlet-2.2M3.jar:na]
	at org.restlet.engine.application.StatusFilter.doHandle(StatusFilter.java:155) [org.restlet-2.2M3.jar:na]
	at org.restlet.routing.Filter.handle(Filter.java:206) [org.restlet-2.2M3.jar:na]
	at org.restlet.routing.Filter.doHandle(Filter.java:159) [org.restlet-2.2M3.jar:na]
	at org.restlet.routing.Filter.handle(Filter.java:206) [org.restlet-2.2M3.jar:na]
	at org.restlet.engine.CompositeHelper.handle(CompositeHelper.java:211) [org.restlet-2.2M3.jar:na]
	at org.restlet.engine.application.ApplicationHelper.handle(ApplicationHelper.java:84) [org.restlet-2.2M3.jar:na]
	at org.restlet.Application.handle(Application.java:384) [org.restlet-2.2M3.jar:na]
	at org.restlet.routing.Filter.doHandle(Filter.java:159) [org.restlet-2.2M3.jar:na]
	at org.restlet.routing.Filter.handle(Filter.java:206) [org.restlet-2.2M3.jar:na]
	at org.restlet.routing.Router.doHandle(Router.java:431) [org.restlet-2.2M3.jar:na]
	at org.restlet.routing.Router.handle(Router.java:648) [org.restlet-2.2M3.jar:na]
	at org.restlet.routing.Filter.doHandle(Filter.java:159) [org.restlet-2.2M3.jar:na]
	at org.restlet.routing.Filter.handle(Filter.java:206) [org.restlet-2.2M3.jar:na]
	at org.restlet.routing.Router.doHandle(Router.java:431) [org.restlet-2.2M3.jar:na]
	at org.restlet.routing.Router.handle(Router.java:648) [org.restlet-2.2M3.jar:na]
	at org.restlet.routing.Filter.doHandle(Filter.java:159) [org.restlet-2.2M3.jar:na]
	at org.restlet.engine.application.StatusFilter.doHandle(StatusFilter.java:155) [org.restlet-2.2M3.jar:na]
	at org.restlet.routing.Filter.handle(Filter.java:206) [org.restlet-2.2M3.jar:na]
	at org.restlet.routing.Filter.doHandle(Filter.java:159) [org.restlet-2.2M3.jar:na]
	at org.restlet.routing.Filter.handle(Filter.java:206) [org.restlet-2.2M3.jar:na]
	at org.restlet.engine.CompositeHelper.handle(CompositeHelper.java:211) [org.restlet-2.2M3.jar:na]
	at org.restlet.Component.handle(Component.java:406) [org.restlet-2.2M3.jar:na]
	at org.restlet.Server.handle(Server.java:516) [org.restlet-2.2M3.jar:na]
	at org.restlet.engine.ServerHelper.handle(ServerHelper.java:72) [org.restlet-2.2M3.jar:na]
	at org.restlet.engine.adapter.HttpServerHelper.handle(HttpServerHelper.java:152) [org.restlet-2.2M3.jar:na]
	at org.restlet.ext.simple.internal.SimpleContainer.handle(SimpleContainer.java:80) [org.restlet.ext.simple-2.2M3.jar:na]
	at org.simpleframework.http.core.Dispatcher.dispatch(Dispatcher.java:121) [simple-5.1.1.jar:na]
	at org.simpleframework.http.core.Dispatcher.run(Dispatcher.java:103) [simple-5.1.1.jar:na]
	at java.util.concurrent.ThreadPoolExecutor.runWorker(ThreadPoolExecutor.java:1142) [na:1.8.0_111]
	at java.util.concurrent.ThreadPoolExecutor$Worker.run(ThreadPoolExecutor.java:617) [na:1.8.0_111]
	at java.lang.Thread.run(Thread.java:745) [na:1.8.0_111]
Caused by: java.lang.NullPointerException: null
	at net.floodlightcontroller.core.web.ControllerMemoryResource.retrieve(ControllerMemoryResource.java:54) ~[bin/:na]
	at sun.reflect.NativeMethodAccessorImpl.invoke0(Native Method) ~[na:1.8.0_111]
	at sun.reflect.NativeMethodAccessorImpl.invoke(NativeMethodAccessorImpl.java:62) ~[na:1.8.0_111]
	at sun.reflect.DelegatingMethodAccessorImpl.invoke(DelegatingMethodAccessorImpl.java:43) ~[na:1.8.0_111]
	at java.lang.reflect.Method.invoke(Method.java:498) ~[na:1.8.0_111]
	at org.restlet.resource.ServerResource.doHandle(ServerResource.java:524) ~[org.restlet-2.2M3.jar:na]
	... 52 common frames omitted
154098 [Dispatcher: Thread-21] INFO  n.f.c.web.ControllerMemoryResource - ---------应用ID：2-------未通过基于属性的XACML访问控制
167383 [Dispatcher: Thread-20] WARN  org.restlet - Exception or error caught in server resource
org.restlet.resource.ResourceException: Internal Server Error
	at org.restlet.resource.ServerResource.doHandle(ServerResource.java:540) ~[org.restlet-2.2M3.jar:na]
	at org.restlet.resource.ServerResource.get(ServerResource.java:743) ~[org.restlet-2.2M3.jar:na]
	at org.restlet.resource.ServerResource.doHandle(ServerResource.java:618) ~[org.restlet-2.2M3.jar:na]
	at org.restlet.resource.ServerResource.doNegotiatedHandle(ServerResource.java:679) ~[org.restlet-2.2M3.jar:na]
	at org.restlet.resource.ServerResource.doConditionalHandle(ServerResource.java:357) ~[org.restlet-2.2M3.jar:na]
	at org.restlet.resource.ServerResource.handle(ServerResource.java:1014) ~[org.restlet-2.2M3.jar:na]
	at org.restlet.resource.Finder.handle(Finder.java:246) [org.restlet-2.2M3.jar:na]
	at org.restlet.routing.Filter.doHandle(Filter.java:159) [org.restlet-2.2M3.jar:na]
	at org.restlet.routing.Filter.handle(Filter.java:206) [org.restlet-2.2M3.jar:na]
	at org.restlet.routing.Router.doHandle(Router.java:431) [org.restlet-2.2M3.jar:na]
	at org.restlet.routing.Router.handle(Router.java:648) [org.restlet-2.2M3.jar:na]
	at org.restlet.routing.Filter.doHandle(Filter.java:159) [org.restlet-2.2M3.jar:na]
	at org.restlet.routing.Filter.handle(Filter.java:206) [org.restlet-2.2M3.jar:na]
	at org.restlet.routing.Router.doHandle(Router.java:431) [org.restlet-2.2M3.jar:na]
	at org.restlet.routing.Router.handle(Router.java:648) [org.restlet-2.2M3.jar:na]
	at org.restlet.routing.Filter.doHandle(Filter.java:159) [org.restlet-2.2M3.jar:na]
	at org.restlet.routing.Filter.handle(Filter.java:206) [org.restlet-2.2M3.jar:na]
	at org.restlet.routing.Filter.doHandle(Filter.java:159) [org.restlet-2.2M3.jar:na]
	at org.restlet.routing.Filter.handle(Filter.java:206) [org.restlet-2.2M3.jar:na]
	at org.restlet.routing.Filter.doHandle(Filter.java:159) [org.restlet-2.2M3.jar:na]
	at org.restlet.routing.Filter.handle(Filter.java:206) [org.restlet-2.2M3.jar:na]
	at org.restlet.routing.Filter.doHandle(Filter.java:159) [org.restlet-2.2M3.jar:na]
	at org.restlet.engine.application.StatusFilter.doHandle(StatusFilter.java:155) [org.restlet-2.2M3.jar:na]
	at org.restlet.routing.Filter.handle(Filter.java:206) [org.restlet-2.2M3.jar:na]
	at org.restlet.routing.Filter.doHandle(Filter.java:159) [org.restlet-2.2M3.jar:na]
	at org.restlet.routing.Filter.handle(Filter.java:206) [org.restlet-2.2M3.jar:na]
	at org.restlet.engine.CompositeHelper.handle(CompositeHelper.java:211) [org.restlet-2.2M3.jar:na]
	at org.restlet.engine.application.ApplicationHelper.handle(ApplicationHelper.java:84) [org.restlet-2.2M3.jar:na]
	at org.restlet.Application.handle(Application.java:384) [org.restlet-2.2M3.jar:na]
	at org.restlet.routing.Filter.doHandle(Filter.java:159) [org.restlet-2.2M3.jar:na]
	at org.restlet.routing.Filter.handle(Filter.java:206) [org.restlet-2.2M3.jar:na]
	at org.restlet.routing.Router.doHandle(Router.java:431) [org.restlet-2.2M3.jar:na]
	at org.restlet.routing.Router.handle(Router.java:648) [org.restlet-2.2M3.jar:na]
	at org.restlet.routing.Filter.doHandle(Filter.java:159) [org.restlet-2.2M3.jar:na]
	at org.restlet.routing.Filter.handle(Filter.java:206) [org.restlet-2.2M3.jar:na]
	at org.restlet.routing.Router.doHandle(Router.java:431) [org.restlet-2.2M3.jar:na]
	at org.restlet.routing.Router.handle(Router.java:648) [org.restlet-2.2M3.jar:na]
	at org.restlet.routing.Filter.doHandle(Filter.java:159) [org.restlet-2.2M3.jar:na]
	at org.restlet.engine.application.StatusFilter.doHandle(StatusFilter.java:155) [org.restlet-2.2M3.jar:na]
	at org.restlet.routing.Filter.handle(Filter.java:206) [org.restlet-2.2M3.jar:na]
	at org.restlet.routing.Filter.doHandle(Filter.java:159) [org.restlet-2.2M3.jar:na]
	at org.restlet.routing.Filter.handle(Filter.java:206) [org.restlet-2.2M3.jar:na]
	at org.restlet.engine.CompositeHelper.handle(CompositeHelper.java:211) [org.restlet-2.2M3.jar:na]
	at org.restlet.Component.handle(Component.java:406) [org.restlet-2.2M3.jar:na]
	at org.restlet.Server.handle(Server.java:516) [org.restlet-2.2M3.jar:na]
	at org.restlet.engine.ServerHelper.handle(ServerHelper.java:72) [org.restlet-2.2M3.jar:na]
	at org.restlet.engine.adapter.HttpServerHelper.handle(HttpServerHelper.java:152) [org.restlet-2.2M3.jar:na]
	at org.restlet.ext.simple.internal.SimpleContainer.handle(SimpleContainer.java:80) [org.restlet.ext.simple-2.2M3.jar:na]
	at org.simpleframework.http.core.Dispatcher.dispatch(Dispatcher.java:121) [simple-5.1.1.jar:na]
	at org.simpleframework.http.core.Dispatcher.run(Dispatcher.java:103) [simple-5.1.1.jar:na]
	at java.util.concurrent.ThreadPoolExecutor.runWorker(ThreadPoolExecutor.java:1142) [na:1.8.0_111]
	at java.util.concurrent.ThreadPoolExecutor$Worker.run(ThreadPoolExecutor.java:617) [na:1.8.0_111]
	at java.lang.Thread.run(Thread.java:745) [na:1.8.0_111]
Caused by: java.lang.NullPointerException: null
	at net.floodlightcontroller.core.web.ControllerMemoryResource.retrieve(ControllerMemoryResource.java:54) ~[bin/:na]
	at sun.reflect.NativeMethodAccessorImpl.invoke0(Native Method) ~[na:1.8.0_111]
	at sun.reflect.NativeMethodAccessorImpl.invoke(NativeMethodAccessorImpl.java:62) ~[na:1.8.0_111]
	at sun.reflect.DelegatingMethodAccessorImpl.invoke(DelegatingMethodAccessorImpl.java:43) ~[na:1.8.0_111]
	at java.lang.reflect.Method.invoke(Method.java:498) ~[na:1.8.0_111]
	at org.restlet.resource.ServerResource.doHandle(ServerResource.java:524) ~[org.restlet-2.2M3.jar:na]
	... 52 common frames omitted
169534 [Dispatcher: Thread-19] INFO  n.f.c.web.ControllerMemoryResource - ---------应用ID：2-------未通过基于属性的XACML访问控制
190175 [Dispatcher: Thread-15] WARN  org.restlet - Exception or error caught in server resource
org.restlet.resource.ResourceException: Internal Server Error
	at org.restlet.resource.ServerResource.doHandle(ServerResource.java:540) ~[org.restlet-2.2M3.jar:na]
	at org.restlet.resource.ServerResource.get(ServerResource.java:743) ~[org.restlet-2.2M3.jar:na]
	at org.restlet.resource.ServerResource.doHandle(ServerResource.java:618) ~[org.restlet-2.2M3.jar:na]
	at org.restlet.resource.ServerResource.doNegotiatedHandle(ServerResource.java:679) ~[org.restlet-2.2M3.jar:na]
	at org.restlet.resource.ServerResource.doConditionalHandle(ServerResource.java:357) ~[org.restlet-2.2M3.jar:na]
	at org.restlet.resource.ServerResource.handle(ServerResource.java:1014) ~[org.restlet-2.2M3.jar:na]
	at org.restlet.resource.Finder.handle(Finder.java:246) [org.restlet-2.2M3.jar:na]
	at org.restlet.routing.Filter.doHandle(Filter.java:159) [org.restlet-2.2M3.jar:na]
	at org.restlet.routing.Filter.handle(Filter.java:206) [org.restlet-2.2M3.jar:na]
	at org.restlet.routing.Router.doHandle(Router.java:431) [org.restlet-2.2M3.jar:na]
	at org.restlet.routing.Router.handle(Router.java:648) [org.restlet-2.2M3.jar:na]
	at org.restlet.routing.Filter.doHandle(Filter.java:159) [org.restlet-2.2M3.jar:na]
	at org.restlet.routing.Filter.handle(Filter.java:206) [org.restlet-2.2M3.jar:na]
	at org.restlet.routing.Router.doHandle(Router.java:431) [org.restlet-2.2M3.jar:na]
	at org.restlet.routing.Router.handle(Router.java:648) [org.restlet-2.2M3.jar:na]
	at org.restlet.routing.Filter.doHandle(Filter.java:159) [org.restlet-2.2M3.jar:na]
	at org.restlet.routing.Filter.handle(Filter.java:206) [org.restlet-2.2M3.jar:na]
	at org.restlet.routing.Filter.doHandle(Filter.java:159) [org.restlet-2.2M3.jar:na]
	at org.restlet.routing.Filter.handle(Filter.java:206) [org.restlet-2.2M3.jar:na]
	at org.restlet.routing.Filter.doHandle(Filter.java:159) [org.restlet-2.2M3.jar:na]
	at org.restlet.routing.Filter.handle(Filter.java:206) [org.restlet-2.2M3.jar:na]
	at org.restlet.routing.Filter.doHandle(Filter.java:159) [org.restlet-2.2M3.jar:na]
	at org.restlet.engine.application.StatusFilter.doHandle(StatusFilter.java:155) [org.restlet-2.2M3.jar:na]
	at org.restlet.routing.Filter.handle(Filter.java:206) [org.restlet-2.2M3.jar:na]
	at org.restlet.routing.Filter.doHandle(Filter.java:159) [org.restlet-2.2M3.jar:na]
	at org.restlet.routing.Filter.handle(Filter.java:206) [org.restlet-2.2M3.jar:na]
	at org.restlet.engine.CompositeHelper.handle(CompositeHelper.java:211) [org.restlet-2.2M3.jar:na]
	at org.restlet.engine.application.ApplicationHelper.handle(ApplicationHelper.java:84) [org.restlet-2.2M3.jar:na]
	at org.restlet.Application.handle(Application.java:384) [org.restlet-2.2M3.jar:na]
	at org.restlet.routing.Filter.doHandle(Filter.java:159) [org.restlet-2.2M3.jar:na]
	at org.restlet.routing.Filter.handle(Filter.java:206) [org.restlet-2.2M3.jar:na]
	at org.restlet.routing.Router.doHandle(Router.java:431) [org.restlet-2.2M3.jar:na]
	at org.restlet.routing.Router.handle(Router.java:648) [org.restlet-2.2M3.jar:na]
	at org.restlet.routing.Filter.doHandle(Filter.java:159) [org.restlet-2.2M3.jar:na]
	at org.restlet.routing.Filter.handle(Filter.java:206) [org.restlet-2.2M3.jar:na]
	at org.restlet.routing.Router.doHandle(Router.java:431) [org.restlet-2.2M3.jar:na]
	at org.restlet.routing.Router.handle(Router.java:648) [org.restlet-2.2M3.jar:na]
	at org.restlet.routing.Filter.doHandle(Filter.java:159) [org.restlet-2.2M3.jar:na]
	at org.restlet.engine.application.StatusFilter.doHandle(StatusFilter.java:155) [org.restlet-2.2M3.jar:na]
	at org.restlet.routing.Filter.handle(Filter.java:206) [org.restlet-2.2M3.jar:na]
	at org.restlet.routing.Filter.doHandle(Filter.java:159) [org.restlet-2.2M3.jar:na]
	at org.restlet.routing.Filter.handle(Filter.java:206) [org.restlet-2.2M3.jar:na]
	at org.restlet.engine.CompositeHelper.handle(CompositeHelper.java:211) [org.restlet-2.2M3.jar:na]
	at org.restlet.Component.handle(Component.java:406) [org.restlet-2.2M3.jar:na]
	at org.restlet.Server.handle(Server.java:516) [org.restlet-2.2M3.jar:na]
	at org.restlet.engine.ServerHelper.handle(ServerHelper.java:72) [org.restlet-2.2M3.jar:na]
	at org.restlet.engine.adapter.HttpServerHelper.handle(HttpServerHelper.java:152) [org.restlet-2.2M3.jar:na]
	at org.restlet.ext.simple.internal.SimpleContainer.handle(SimpleContainer.java:80) [org.restlet.ext.simple-2.2M3.jar:na]
	at org.simpleframework.http.core.Dispatcher.dispatch(Dispatcher.java:121) [simple-5.1.1.jar:na]
	at org.simpleframework.http.core.Dispatcher.run(Dispatcher.java:103) [simple-5.1.1.jar:na]
	at java.util.concurrent.ThreadPoolExecutor.runWorker(ThreadPoolExecutor.java:1142) [na:1.8.0_111]
	at java.util.concurrent.ThreadPoolExecutor$Worker.run(ThreadPoolExecutor.java:617) [na:1.8.0_111]
	at java.lang.Thread.run(Thread.java:745) [na:1.8.0_111]
Caused by: java.lang.NullPointerException: null
	at net.floodlightcontroller.core.web.ControllerMemoryResource.retrieve(ControllerMemoryResource.java:54) ~[bin/:na]
	at sun.reflect.NativeMethodAccessorImpl.invoke0(Native Method) ~[na:1.8.0_111]
	at sun.reflect.NativeMethodAccessorImpl.invoke(NativeMethodAccessorImpl.java:62) ~[na:1.8.0_111]
	at sun.reflect.DelegatingMethodAccessorImpl.invoke(DelegatingMethodAccessorImpl.java:43) ~[na:1.8.0_111]
	at java.lang.reflect.Method.invoke(Method.java:498) ~[na:1.8.0_111]
	at org.restlet.resource.ServerResource.doHandle(ServerResource.java:524) ~[org.restlet-2.2M3.jar:na]
	... 52 common frames omitted
132  [main] INFO  n.f.c.module.FloodlightModuleLoader - Loading default modules
364  [main] ERROR n.f.core.internal.Controller - 日志记录controller-init()-start
367  [main] INFO  n.f.core.internal.Controller - Controller role set to MASTER
370  [main] INFO  n.f.core.internal.Controller - Flush switches on reconnect -- Disabled
372  [main] ERROR n.f.core.internal.Controller - 日志记录controller-init()-end
732  [main] ERROR o.s.s.i.config.DelegatingCCProvider - Failed to initialize provider org.sdnplatform.sync.internal.config.SyncStoreCCProvider
org.sdnplatform.sync.error.PersistException: Could not initialize persistent storage
	at org.sdnplatform.sync.internal.store.JavaDBStorageEngine.<init>(JavaDBStorageEngine.java:106) ~[bin/:na]
	at org.sdnplatform.sync.internal.StoreRegistry.register(StoreRegistry.java:116) ~[bin/:na]
	at org.sdnplatform.sync.internal.SyncManager.registerPersistentStore(SyncManager.java:184) [bin/:na]
	at org.sdnplatform.sync.internal.config.SyncStoreCCProvider.init(SyncStoreCCProvider.java:85) ~[bin/:na]
	at org.sdnplatform.sync.internal.config.DelegatingCCProvider.init(DelegatingCCProvider.java:37) ~[bin/:na]
	at org.sdnplatform.sync.internal.SyncManager.init(SyncManager.java:489) [bin/:na]
	at net.floodlightcontroller.core.module.FloodlightModuleLoader.initModules(FloodlightModuleLoader.java:436) [bin/:na]
	at net.floodlightcontroller.core.module.FloodlightModuleLoader.loadModulesFromList(FloodlightModuleLoader.java:353) [bin/:na]
	at net.floodlightcontroller.core.module.FloodlightModuleLoader.loadModulesFromList(FloodlightModuleLoader.java:362) [bin/:na]
	at net.floodlightcontroller.core.module.FloodlightModuleLoader.loadModulesFromConfig(FloodlightModuleLoader.java:200) [bin/:na]
	at net.floodlightcontroller.core.Main.main(Main.java:55) [bin/:na]
Caused by: java.sql.SQLException: DDL is not permitted for a read-only connection, user or database.
	at org.apache.derby.impl.jdbc.SQLExceptionFactory40.getSQLException(Unknown Source) ~[derby-10.9.1.0.jar:na]
	at org.apache.derby.impl.jdbc.Util.generateCsSQLException(Unknown Source) ~[derby-10.9.1.0.jar:na]
	at org.apache.derby.impl.jdbc.TransactionResourceImpl.wrapInSQLException(Unknown Source) ~[derby-10.9.1.0.jar:na]
	at org.apache.derby.impl.jdbc.TransactionResourceImpl.handleException(Unknown Source) ~[derby-10.9.1.0.jar:na]
	at org.apache.derby.impl.jdbc.EmbedConnection.handleException(Unknown Source) ~[derby-10.9.1.0.jar:na]
	at org.apache.derby.impl.jdbc.ConnectionChild.handleException(Unknown Source) ~[derby-10.9.1.0.jar:na]
	at org.apache.derby.impl.jdbc.EmbedStatement.executeStatement(Unknown Source) ~[derby-10.9.1.0.jar:na]
	at org.apache.derby.impl.jdbc.EmbedStatement.execute(Unknown Source) ~[derby-10.9.1.0.jar:na]
	at org.apache.derby.impl.jdbc.EmbedStatement.execute(Unknown Source) ~[derby-10.9.1.0.jar:na]
	at org.sdnplatform.sync.internal.store.JavaDBStorageEngine.initTable(JavaDBStorageEngine.java:379) ~[bin/:na]
	at org.sdnplatform.sync.internal.store.JavaDBStorageEngine.<init>(JavaDBStorageEngine.java:104) ~[bin/:na]
	... 10 common frames omitted
Caused by: org.apache.derby.impl.jdbc.EmbedSQLException: DDL is not permitted for a read-only connection, user or database.
	at org.apache.derby.impl.jdbc.SQLExceptionFactory.getSQLException(Unknown Source) ~[derby-10.9.1.0.jar:na]
	at org.apache.derby.impl.jdbc.SQLExceptionFactory40.wrapArgsForTransportAcrossDRDA(Unknown Source) ~[derby-10.9.1.0.jar:na]
	... 21 common frames omitted
Caused by: org.apache.derby.iapi.error.StandardException: DDL is not permitted for a read-only connection, user or database.
	at org.apache.derby.iapi.error.StandardException.newException(Unknown Source) ~[derby-10.9.1.0.jar:na]
	at org.apache.derby.impl.sql.conn.GenericAuthorizer.authorize(Unknown Source) ~[derby-10.9.1.0.jar:na]
	at org.apache.derby.impl.sql.execute.GenericResultSetFactory.getDDLResultSet(Unknown Source) ~[derby-10.9.1.0.jar:na]
	at org.apache.derby.impl.sql.execute.ConstantActionActivation.execute(Unknown Source) ~[derby-10.9.1.0.jar:na]
	at org.apache.derby.impl.sql.GenericActivationHolder.execute(Unknown Source) ~[derby-10.9.1.0.jar:na]
	at org.apache.derby.impl.sql.GenericPreparedStatement.executeStmt(Unknown Source) ~[derby-10.9.1.0.jar:na]
	at org.apache.derby.impl.sql.GenericPreparedStatement.execute(Unknown Source) ~[derby-10.9.1.0.jar:na]
	... 15 common frames omitted
822  [main] INFO  n.f.l.internal.LinkDiscoveryManager - Setting autoportfast feature to OFF
852  [main] INFO  o.s.s.i.config.FallbackCCProvider - Cluster not yet configured; using fallback local configuration
853  [main] INFO  o.s.sync.internal.SyncManager - [32767] Updating sync configuration ClusterConfig [allNodes={32767=Node [hostname=localhost, port=6642, nodeId=32767, domainId=32767]}, authScheme=CHALLENGE_RESPONSE, keyStorePath=/etc/floodlight/auth_credentials.jceks, keyStorePassword is unset]
895  [main] INFO  o.s.sync.internal.rpc.RPCService - Listening for internal floodlight RPC on localhost/127.0.0.1:6642
986  [main] INFO  n.f.core.internal.Controller - Listening for switch connections on 0.0.0.0/0.0.0.0:6633
2627 [debugserver-main] INFO  n.f.jython.JythonServer - Starting DebugServer on :6655
21000 [Dispatcher: Thread-15] WARN  org.restlet - Exception or error caught in server resource
org.restlet.resource.ResourceException: Internal Server Error
	at org.restlet.resource.ServerResource.doHandle(ServerResource.java:540) ~[org.restlet-2.2M3.jar:na]
	at org.restlet.resource.ServerResource.get(ServerResource.java:743) ~[org.restlet-2.2M3.jar:na]
	at org.restlet.resource.ServerResource.doHandle(ServerResource.java:618) ~[org.restlet-2.2M3.jar:na]
	at org.restlet.resource.ServerResource.doNegotiatedHandle(ServerResource.java:679) ~[org.restlet-2.2M3.jar:na]
	at org.restlet.resource.ServerResource.doConditionalHandle(ServerResource.java:357) ~[org.restlet-2.2M3.jar:na]
	at org.restlet.resource.ServerResource.handle(ServerResource.java:1014) ~[org.restlet-2.2M3.jar:na]
	at org.restlet.resource.Finder.handle(Finder.java:246) [org.restlet-2.2M3.jar:na]
	at org.restlet.routing.Filter.doHandle(Filter.java:159) [org.restlet-2.2M3.jar:na]
	at org.restlet.routing.Filter.handle(Filter.java:206) [org.restlet-2.2M3.jar:na]
	at org.restlet.routing.Router.doHandle(Router.java:431) [org.restlet-2.2M3.jar:na]
	at org.restlet.routing.Router.handle(Router.java:648) [org.restlet-2.2M3.jar:na]
	at org.restlet.routing.Filter.doHandle(Filter.java:159) [org.restlet-2.2M3.jar:na]
	at org.restlet.routing.Filter.handle(Filter.java:206) [org.restlet-2.2M3.jar:na]
	at org.restlet.routing.Router.doHandle(Router.java:431) [org.restlet-2.2M3.jar:na]
	at org.restlet.routing.Router.handle(Router.java:648) [org.restlet-2.2M3.jar:na]
	at org.restlet.routing.Filter.doHandle(Filter.java:159) [org.restlet-2.2M3.jar:na]
	at org.restlet.routing.Filter.handle(Filter.java:206) [org.restlet-2.2M3.jar:na]
	at org.restlet.routing.Filter.doHandle(Filter.java:159) [org.restlet-2.2M3.jar:na]
	at org.restlet.routing.Filter.handle(Filter.java:206) [org.restlet-2.2M3.jar:na]
	at org.restlet.routing.Filter.doHandle(Filter.java:159) [org.restlet-2.2M3.jar:na]
	at org.restlet.routing.Filter.handle(Filter.java:206) [org.restlet-2.2M3.jar:na]
	at org.restlet.routing.Filter.doHandle(Filter.java:159) [org.restlet-2.2M3.jar:na]
	at org.restlet.engine.application.StatusFilter.doHandle(StatusFilter.java:155) [org.restlet-2.2M3.jar:na]
	at org.restlet.routing.Filter.handle(Filter.java:206) [org.restlet-2.2M3.jar:na]
	at org.restlet.routing.Filter.doHandle(Filter.java:159) [org.restlet-2.2M3.jar:na]
	at org.restlet.routing.Filter.handle(Filter.java:206) [org.restlet-2.2M3.jar:na]
	at org.restlet.engine.CompositeHelper.handle(CompositeHelper.java:211) [org.restlet-2.2M3.jar:na]
	at org.restlet.engine.application.ApplicationHelper.handle(ApplicationHelper.java:84) [org.restlet-2.2M3.jar:na]
	at org.restlet.Application.handle(Application.java:384) [org.restlet-2.2M3.jar:na]
	at org.restlet.routing.Filter.doHandle(Filter.java:159) [org.restlet-2.2M3.jar:na]
	at org.restlet.routing.Filter.handle(Filter.java:206) [org.restlet-2.2M3.jar:na]
	at org.restlet.routing.Router.doHandle(Router.java:431) [org.restlet-2.2M3.jar:na]
	at org.restlet.routing.Router.handle(Router.java:648) [org.restlet-2.2M3.jar:na]
	at org.restlet.routing.Filter.doHandle(Filter.java:159) [org.restlet-2.2M3.jar:na]
	at org.restlet.routing.Filter.handle(Filter.java:206) [org.restlet-2.2M3.jar:na]
	at org.restlet.routing.Router.doHandle(Router.java:431) [org.restlet-2.2M3.jar:na]
	at org.restlet.routing.Router.handle(Router.java:648) [org.restlet-2.2M3.jar:na]
	at org.restlet.routing.Filter.doHandle(Filter.java:159) [org.restlet-2.2M3.jar:na]
	at org.restlet.engine.application.StatusFilter.doHandle(StatusFilter.java:155) [org.restlet-2.2M3.jar:na]
	at org.restlet.routing.Filter.handle(Filter.java:206) [org.restlet-2.2M3.jar:na]
	at org.restlet.routing.Filter.doHandle(Filter.java:159) [org.restlet-2.2M3.jar:na]
	at org.restlet.routing.Filter.handle(Filter.java:206) [org.restlet-2.2M3.jar:na]
	at org.restlet.engine.CompositeHelper.handle(CompositeHelper.java:211) [org.restlet-2.2M3.jar:na]
	at org.restlet.Component.handle(Component.java:406) [org.restlet-2.2M3.jar:na]
	at org.restlet.Server.handle(Server.java:516) [org.restlet-2.2M3.jar:na]
	at org.restlet.engine.ServerHelper.handle(ServerHelper.java:72) [org.restlet-2.2M3.jar:na]
	at org.restlet.engine.adapter.HttpServerHelper.handle(HttpServerHelper.java:152) [org.restlet-2.2M3.jar:na]
	at org.restlet.ext.simple.internal.SimpleContainer.handle(SimpleContainer.java:80) [org.restlet.ext.simple-2.2M3.jar:na]
	at org.simpleframework.http.core.Dispatcher.dispatch(Dispatcher.java:121) [simple-5.1.1.jar:na]
	at org.simpleframework.http.core.Dispatcher.run(Dispatcher.java:103) [simple-5.1.1.jar:na]
	at java.util.concurrent.ThreadPoolExecutor.runWorker(ThreadPoolExecutor.java:1142) [na:1.8.0_111]
	at java.util.concurrent.ThreadPoolExecutor$Worker.run(ThreadPoolExecutor.java:617) [na:1.8.0_111]
	at java.lang.Thread.run(Thread.java:745) [na:1.8.0_111]
Caused by: java.lang.NullPointerException: null
	at net.floodlightcontroller.core.web.ControllerMemoryResource.retrieve(ControllerMemoryResource.java:54) ~[bin/:na]
	at sun.reflect.NativeMethodAccessorImpl.invoke0(Native Method) ~[na:1.8.0_111]
	at sun.reflect.NativeMethodAccessorImpl.invoke(NativeMethodAccessorImpl.java:62) ~[na:1.8.0_111]
	at sun.reflect.DelegatingMethodAccessorImpl.invoke(DelegatingMethodAccessorImpl.java:43) ~[na:1.8.0_111]
	at java.lang.reflect.Method.invoke(Method.java:498) ~[na:1.8.0_111]
	at org.restlet.resource.ServerResource.doHandle(ServerResource.java:524) ~[org.restlet-2.2M3.jar:na]
	... 52 common frames omitted
86669 [Dispatcher: Thread-21] WARN  org.restlet - Exception or error caught in server resource
org.restlet.resource.ResourceException: Internal Server Error
	at org.restlet.resource.ServerResource.doHandle(ServerResource.java:540) ~[org.restlet-2.2M3.jar:na]
	at org.restlet.resource.ServerResource.get(ServerResource.java:743) ~[org.restlet-2.2M3.jar:na]
	at org.restlet.resource.ServerResource.doHandle(ServerResource.java:618) ~[org.restlet-2.2M3.jar:na]
	at org.restlet.resource.ServerResource.doNegotiatedHandle(ServerResource.java:679) ~[org.restlet-2.2M3.jar:na]
	at org.restlet.resource.ServerResource.doConditionalHandle(ServerResource.java:357) ~[org.restlet-2.2M3.jar:na]
	at org.restlet.resource.ServerResource.handle(ServerResource.java:1014) ~[org.restlet-2.2M3.jar:na]
	at org.restlet.resource.Finder.handle(Finder.java:246) [org.restlet-2.2M3.jar:na]
	at org.restlet.routing.Filter.doHandle(Filter.java:159) [org.restlet-2.2M3.jar:na]
	at org.restlet.routing.Filter.handle(Filter.java:206) [org.restlet-2.2M3.jar:na]
	at org.restlet.routing.Router.doHandle(Router.java:431) [org.restlet-2.2M3.jar:na]
	at org.restlet.routing.Router.handle(Router.java:648) [org.restlet-2.2M3.jar:na]
	at org.restlet.routing.Filter.doHandle(Filter.java:159) [org.restlet-2.2M3.jar:na]
	at org.restlet.routing.Filter.handle(Filter.java:206) [org.restlet-2.2M3.jar:na]
	at org.restlet.routing.Router.doHandle(Router.java:431) [org.restlet-2.2M3.jar:na]
	at org.restlet.routing.Router.handle(Router.java:648) [org.restlet-2.2M3.jar:na]
	at org.restlet.routing.Filter.doHandle(Filter.java:159) [org.restlet-2.2M3.jar:na]
	at org.restlet.routing.Filter.handle(Filter.java:206) [org.restlet-2.2M3.jar:na]
	at org.restlet.routing.Filter.doHandle(Filter.java:159) [org.restlet-2.2M3.jar:na]
	at org.restlet.routing.Filter.handle(Filter.java:206) [org.restlet-2.2M3.jar:na]
	at org.restlet.routing.Filter.doHandle(Filter.java:159) [org.restlet-2.2M3.jar:na]
	at org.restlet.routing.Filter.handle(Filter.java:206) [org.restlet-2.2M3.jar:na]
	at org.restlet.routing.Filter.doHandle(Filter.java:159) [org.restlet-2.2M3.jar:na]
	at org.restlet.engine.application.StatusFilter.doHandle(StatusFilter.java:155) [org.restlet-2.2M3.jar:na]
	at org.restlet.routing.Filter.handle(Filter.java:206) [org.restlet-2.2M3.jar:na]
	at org.restlet.routing.Filter.doHandle(Filter.java:159) [org.restlet-2.2M3.jar:na]
	at org.restlet.routing.Filter.handle(Filter.java:206) [org.restlet-2.2M3.jar:na]
	at org.restlet.engine.CompositeHelper.handle(CompositeHelper.java:211) [org.restlet-2.2M3.jar:na]
	at org.restlet.engine.application.ApplicationHelper.handle(ApplicationHelper.java:84) [org.restlet-2.2M3.jar:na]
	at org.restlet.Application.handle(Application.java:384) [org.restlet-2.2M3.jar:na]
	at org.restlet.routing.Filter.doHandle(Filter.java:159) [org.restlet-2.2M3.jar:na]
	at org.restlet.routing.Filter.handle(Filter.java:206) [org.restlet-2.2M3.jar:na]
	at org.restlet.routing.Router.doHandle(Router.java:431) [org.restlet-2.2M3.jar:na]
	at org.restlet.routing.Router.handle(Router.java:648) [org.restlet-2.2M3.jar:na]
	at org.restlet.routing.Filter.doHandle(Filter.java:159) [org.restlet-2.2M3.jar:na]
	at org.restlet.routing.Filter.handle(Filter.java:206) [org.restlet-2.2M3.jar:na]
	at org.restlet.routing.Router.doHandle(Router.java:431) [org.restlet-2.2M3.jar:na]
	at org.restlet.routing.Router.handle(Router.java:648) [org.restlet-2.2M3.jar:na]
	at org.restlet.routing.Filter.doHandle(Filter.java:159) [org.restlet-2.2M3.jar:na]
	at org.restlet.engine.application.StatusFilter.doHandle(StatusFilter.java:155) [org.restlet-2.2M3.jar:na]
	at org.restlet.routing.Filter.handle(Filter.java:206) [org.restlet-2.2M3.jar:na]
	at org.restlet.routing.Filter.doHandle(Filter.java:159) [org.restlet-2.2M3.jar:na]
	at org.restlet.routing.Filter.handle(Filter.java:206) [org.restlet-2.2M3.jar:na]
	at org.restlet.engine.CompositeHelper.handle(CompositeHelper.java:211) [org.restlet-2.2M3.jar:na]
	at org.restlet.Component.handle(Component.java:406) [org.restlet-2.2M3.jar:na]
	at org.restlet.Server.handle(Server.java:516) [org.restlet-2.2M3.jar:na]
	at org.restlet.engine.ServerHelper.handle(ServerHelper.java:72) [org.restlet-2.2M3.jar:na]
	at org.restlet.engine.adapter.HttpServerHelper.handle(HttpServerHelper.java:152) [org.restlet-2.2M3.jar:na]
	at org.restlet.ext.simple.internal.SimpleContainer.handle(SimpleContainer.java:80) [org.restlet.ext.simple-2.2M3.jar:na]
	at org.simpleframework.http.core.Dispatcher.dispatch(Dispatcher.java:121) [simple-5.1.1.jar:na]
	at org.simpleframework.http.core.Dispatcher.run(Dispatcher.java:103) [simple-5.1.1.jar:na]
	at java.util.concurrent.ThreadPoolExecutor.runWorker(ThreadPoolExecutor.java:1142) [na:1.8.0_111]
	at java.util.concurrent.ThreadPoolExecutor$Worker.run(ThreadPoolExecutor.java:617) [na:1.8.0_111]
	at java.lang.Thread.run(Thread.java:745) [na:1.8.0_111]
Caused by: java.lang.NullPointerException: null
	at net.floodlightcontroller.core.web.ControllerMemoryResource.retrieve(ControllerMemoryResource.java:54) ~[bin/:na]
	at sun.reflect.NativeMethodAccessorImpl.invoke0(Native Method) ~[na:1.8.0_111]
	at sun.reflect.NativeMethodAccessorImpl.invoke(NativeMethodAccessorImpl.java:62) ~[na:1.8.0_111]
	at sun.reflect.DelegatingMethodAccessorImpl.invoke(DelegatingMethodAccessorImpl.java:43) ~[na:1.8.0_111]
	at java.lang.reflect.Method.invoke(Method.java:498) ~[na:1.8.0_111]
	at org.restlet.resource.ServerResource.doHandle(ServerResource.java:524) ~[org.restlet-2.2M3.jar:na]
	... 52 common frames omitted
